c:\users\ioan\documents\visual studio 2013\projects\practicum\practicum\debug\vc120.pdb
c:\users\ioan\documents\visual studio 2013\projects\practicum\practicum\debug\vc120.idb
c:\users\ioan\documents\visual studio 2013\projects\practicum\practicum\debug\camera.obj
c:\users\ioan\documents\visual studio 2013\projects\practicum\practicum\debug\game.obj
c:\users\ioan\documents\visual studio 2013\projects\practicum\practicum\debug\gameobject.obj
c:\users\ioan\documents\visual studio 2013\projects\practicum\practicum\debug\gui.obj
c:\users\ioan\documents\visual studio 2013\projects\practicum\practicum\debug\image.obj
c:\users\ioan\documents\visual studio 2013\projects\practicum\practicum\debug\main.obj
c:\users\ioan\documents\visual studio 2013\projects\practicum\practicum\debug\player.obj
c:\users\ioan\documents\visual studio 2013\projects\practicum\practicum\debug\stringparser.obj
c:\users\ioan\documents\visual studio 2013\projects\practicum\practicum\debug\texturemanager.obj
c:\users\ioan\documents\visual studio 2013\projects\practicum\practicum\debug\tile.obj
c:\users\ioan\documents\visual studio 2013\projects\practicum\practicum\debug\userinput.obj
c:\users\ioan\documents\visual studio 2013\projects\practicum\practicum\debug\world.obj
c:\users\ioan\documents\visual studio 2013\projects\practicum\debug\practicum.ilk
c:\users\ioan\documents\visual studio 2013\projects\practicum\debug\practicum.exe
c:\users\ioan\documents\visual studio 2013\projects\practicum\debug\practicum.pdb
c:\users\ioan\documents\visual studio 2013\projects\practicum\practicum\debug\practicum.tlog\cl.command.1.tlog
c:\users\ioan\documents\visual studio 2013\projects\practicum\practicum\debug\practicum.tlog\cl.read.1.tlog
c:\users\ioan\documents\visual studio 2013\projects\practicum\practicum\debug\practicum.tlog\cl.write.1.tlog
c:\users\ioan\documents\visual studio 2013\projects\practicum\practicum\debug\practicum.tlog\link.command.1.tlog
c:\users\ioan\documents\visual studio 2013\projects\practicum\practicum\debug\practicum.tlog\link.read.1.tlog
c:\users\ioan\documents\visual studio 2013\projects\practicum\practicum\debug\practicum.tlog\link.write.1.tlog
