Build started 2/23/2014 1:52:54 PM.
     1>Project "C:\Users\Ioan\Documents\Visual Studio 2013\Projects\Practicum\Practicum\Practicum.vcxproj" on node 2 (Build target(s)).
     1>ClCompile:
         C:\Program Files (x86)\Microsoft Visual Studio 12.0\VC\bin\CL.exe /c /ZI /nologo /W3 /WX- /sdl /Od /Oy- /D _MBCS /Gm /EHsc /RTC1 /MDd /GS /fp:precise /Zc:wchar_t /Zc:forScope /Fo"Debug\\" /Fd"Debug\vc120.pdb" /Gd /TP /analyze- /errorReport:prompt Game.cpp GameObject.cpp GUI.cpp Image.cpp Main.cpp Player.cpp TextureManager.cpp Tile.cpp UserInput.cpp World.cpp
         World.cpp
         UserInput.cpp
         Tile.cpp
     1>c:\users\ioan\documents\visual studio 2013\projects\practicum\practicum\tile.cpp(11): error C2084: function 'Tile::~Tile(void)' already has a body
                 c:\users\ioan\documents\visual studio 2013\projects\practicum\practicum\tile.h(20) : see previous definition of '{dtor}'
         TextureManager.cpp
         Player.cpp
         Main.cpp
         Image.cpp
         GUI.cpp
     1>c:\users\ioan\documents\visual studio 2013\projects\practicum\practicum\gui.cpp(13): warning C4244: '=' : conversion from 'double' to 'int', possible loss of data
     1>c:\users\ioan\documents\visual studio 2013\projects\practicum\practicum\gui.cpp(79): warning C4018: '<' : signed/unsigned mismatch
         GameObject.cpp
         Game.cpp
         Generating Code...
     1>Done Building Project "C:\Users\Ioan\Documents\Visual Studio 2013\Projects\Practicum\Practicum\Practicum.vcxproj" (Build target(s)) -- FAILED.

Build FAILED.

Time Elapsed 00:00:03.96
